Error: Unable to find MD3 Model file: F:\book_chapter_source\bin\data\ash\\lower.md3
Error: Unable to find MD3 Model file: F:\book_chapter_source\bin\data\ash\\upper.md3
Error: Unable to find MD3 Model file: F:\book_chapter_source\bin\data\ash\\head.md3
Error: Unable to find MD3 Model file: F:\book_chapter_source\bin\data\ash\\lower_default.skin
Error: Unable to find MD3 Model file: F:\book_chapter_source\bin\data\ash\\upper_default.skin
Error: Unable to find MD3 Model file: F:\book_chapter_source\bin\data\ash\\head_default.skin
Error: Unable to find MD3 Model file: F:\book_chapter_source\bin\data\ash\\animation.cfg
Error: Unable to find MD3 Model file: F:\book_chapter_source\bin\data\ash\\lower.md3
Error: Unable to find MD3 Model file: F:\book_chapter_source\bin\data\ash\\upper.md3
Error: Unable to find MD3 Model file: F:\book_chapter_source\bin\data\ash\\head.md3
Error: Unable to find MD3 Model file: F:\book_chapter_source\bin\data\ash\\lower_default.skin
Error: Unable to find MD3 Model file: F:\book_chapter_source\bin\data\ash\\upper_default.skin
Error: Unable to find MD3 Model file: F:\book_chapter_source\bin\data\ash\\head_default.skin
Error: Unable to find MD3 Model file: F:\book_chapter_source\bin\data\ash\\animation.cfg
Error: Unable to find MD3 Model file: F:\book_chapter_source\bin\data\ash\\lower.md3
Error: Unable to find MD3 Model file: F:\book_chapter_source\bin\data\ash\\upper.md3
Error: Unable to find MD3 Model file: F:\book_chapter_source\bin\data\ash\\head.md3
Error: Unable to find MD3 Model file: F:\book_chapter_source\bin\data\ash\\lower_ллллллллллллллллллллллллллллллллллллллллллллллллллллллллллллллллллллллллллллллллллллллллллллллллллллллллллллллллллллллллллллллллллллллллллллллллллллллллллллллллллллллллллллллллллллллллллллллллллллллллллллллллллллллллллллллллллллллллллллллллллллллллллллллллЪЪЪЪЮЫ.skin
Error: Unable to find MD3 Model file: F:\book_chapter_source\bin\data\ash\\upper_ллллллллллллллллллллллллллллллллллллллллллллллллллллллллллллллллллллллллллллллллллллллллллллллллллллллллллллллллллллллллллллллллллллллллллллллллллллллллллллллллллллллллллллллллллллллллллллллллллллллллллллллллллллллллллллллллллллллллллллллллллллллллллллллллЪЪЪЪЮЫ.skin
Error: Unable to find MD3 Model file: F:\book_chapter_source\bin\data\ash\\head_ллллллллллллллллллллллллллллллллллллллллллллллллллллллллллллллллллллллллллллллллллллллллллллллллллллллллллллллллллллллллллллллллллллллллллллллллллллллллллллллллллллллллллллллллллллллллллллллллллллллллллллллллллллллллллллллллллллллллллллллллллллллллллллллллЪЪЪЪЮЫ.skin
Error: Unable to find MD3 Model file: F:\book_chapter_source\bin\data\ash\\animation.cfg
Error: Unable to find MD3 Model file: F:\book_chapter_source\bin\data\ash\\lower.md3
Error: Unable to find MD3 Model file: F:\book_chapter_source\bin\data\ash\\upper.md3
Error: Unable to find MD3 Model file: F:\book_chapter_source\bin\data\ash\\head.md3
Error: Unable to find MD3 Model file: F:\book_chapter_source\bin\data\ash\\animation.cfg
